This is e-upTeX, Version 3.14159265-p3.8.3-u1.26-191112-2.6 (utf8.uptex) (TeX Live 2020) (preloaded format=uplatex 2020.12.19)  20 DEC 2020 13:15
entering extended mode
 \write18 enabled.
 file:line:error style messages enabled.
 %&-line parsing enabled.
**nidan_sandan.tex
(./nidan_sandan.tex
pLaTeX2e <2020-10-01u04>+1 (based on LaTeX2e <2020-10-01> patch level 2)
L3 programming layer <2020-12-07> xparse <2020-03-03>
(/Applications/TeXLive/2020/texmf-dist/tex/platex/jsclasses/jsarticle.cls
Document Class: jsarticle 2020/10/09 jsclasses (okumura, texjporg)
\jsc@mpt=\dimen154
\jsc@mmm=\dimen155
\jsc@smallskipamount=\skip47
LaTeX Info: Redefining \textmc on input line 497.
LaTeX Info: Redefining \textgt on input line 499.
\symmincho=\mathgroup4
LaTeX Font Info:    Overwriting symbol font `mincho' in version `bold'
(Font)                  JY2/mc/m/n --> JY2/gt/m/n on input line 561.
LaTeX Font Info:    Font shape `JT2/mc/m/n' will be
(Font)              scaled to size 9.24683pt on input line 755.
LaTeX Font Info:    Font shape `JY2/mc/m/n' will be
(Font)              scaled to size 9.24683pt on input line 755.
\fullwidth=\dimen156
LaTeX Font Info:    Font shape `JT2/mc/m/n' will be
(Font)              scaled to size 7.39746pt on input line 908.
LaTeX Font Info:    Font shape `JY2/mc/m/n' will be
(Font)              scaled to size 7.39746pt on input line 908.
\c@part=\count176
\c@section=\count177
\c@subsection=\count178
\c@subsubsection=\count179
\c@paragraph=\count180
\c@subparagraph=\count181
\@abstractbox=\box64
\c@figure=\count182
\c@table=\count183
\abovecaptionskip=\skip48
\belowcaptionskip=\skip49
\jsc@tocl@width=\dimen157
\@lnumwidth=\dimen158
\bibindent=\dimen159
(/Applications/TeXLive/2020/texmf-dist/tex/platex/jsclasses/jslogo.sty
Package: jslogo 2019/07/25 okumura, texjporg
LaTeX Info: Redefining \TeX on input line 82.
LaTeX Info: Redefining \LaTeX on input line 135.
LaTeX Info: Redefining \LaTeXe on input line 188.
)
\heisei=\count184
)
(/Applications/TeXLive/2020/texmf-dist/tex/latex/graphics/graphicx.sty
Package: graphicx 2020/09/09 v1.2b Enhanced LaTeX Graphics (DPC,SPQR)

(/Applications/TeXLive/2020/texmf-dist/tex/latex/graphics/keyval.sty
Package: keyval 2014/10/28 v1.15 key=value parser (DPC)
\KV@toks@=\toks16
)
(/Applications/TeXLive/2020/texmf-dist/tex/latex/graphics/graphics.sty
Package: graphics 2020/08/30 v1.4c Standard LaTeX Graphics (DPC,SPQR)

(/Applications/TeXLive/2020/texmf-dist/tex/latex/graphics/trig.sty
Package: trig 2016/01/03 v1.10 sin cos tan (DPC)
)
(/Applications/TeXLive/2020/texmf-dist/tex/latex/graphics-cfg/graphics.cfg
File: graphics.cfg 2016/06/04 v1.11 sample graphics configuration
)
Package graphics Info: Driver file: dvipdfmx.def on input line 105.

(/Applications/TeXLive/2020/texmf-dist/tex/latex/graphics-def/dvipdfmx.def
File: dvipdfmx.def 2020/08/26 v5.0h Graphics/color driver for dvipdfmx
))
\Gin@req@height=\dimen160
\Gin@req@width=\dimen161
)
(/Applications/TeXLive/2020/texmf-dist/tex/latex/lipsum/lipsum.sty
(/Applications/TeXLive/2020/texmf-dist/tex/latex/l3kernel/expl3.sty
Package: expl3 2020-12-07 L3 programming layer (loader) 

(/Applications/TeXLive/2020/texmf-dist/tex/latex/l3backend/l3backend-dvipdfmx.d
ef
File: l3backend-dvipdfmx.def 2020-09-24 L3 backend support: dvipdfmx
\g__graphics_track_int=\count185
\l__pdf_internal_box=\box65
\g__pdf_backend_object_int=\count186
\g__pdf_backend_annotation_int=\count187
))
(/Applications/TeXLive/2020/texmf-dist/tex/latex/l3packages/xparse/xparse.sty
Package: xparse 2020-10-27 L3 Experimental document command parser

(/Applications/TeXLive/2020/texmf-dist/tex/latex/l3packages/xparse/xparse-gener
ic.tex))
Package: lipsum 2019/01/02 v2.2 150 paragraphs of Lorem Ipsum dummy text
 (/Applications/TeXLive/2020/texmf-dist/tex/latex/lipsum/lipsum.ltd.tex
File: lipsum.ltd.tex 2019/01/02 v2.2 The Lorem ipsum dummy text
)) (/Applications/TeXLive/2020/texmf-dist/tex/latex/multirow/multirow.sty
Package: multirow 2019/05/31 v2.5 Span multiple rows of a table
\multirow@colwidth=\skip50
\multirow@cntb=\count188
\multirow@dima=\skip51
\bigstrutjot=\dimen162
)
(/Applications/TeXLive/2020/texmf-dist/tex/latex/tcolorbox/tcolorbox.sty
Package: tcolorbox 2020/10/09 version 4.42 text color boxes

(/Applications/TeXLive/2020/texmf-dist/tex/latex/pgf/basiclayer/pgf.sty
(/Applications/TeXLive/2020/texmf-dist/tex/latex/pgf/utilities/pgfrcs.sty
(/Applications/TeXLive/2020/texmf-dist/tex/generic/pgf/utilities/pgfutil-common
.tex
\pgfutil@everybye=\toks17
\pgfutil@tempdima=\dimen163
\pgfutil@tempdimb=\dimen164

(/Applications/TeXLive/2020/texmf-dist/tex/generic/pgf/utilities/pgfutil-common
-lists.tex))
(/Applications/TeXLive/2020/texmf-dist/tex/generic/pgf/utilities/pgfutil-latex.
def
\pgfutil@abb=\box66
)
(/Applications/TeXLive/2020/texmf-dist/tex/generic/pgf/utilities/pgfrcs.code.te
x (/Applications/TeXLive/2020/texmf-dist/tex/generic/pgf/pgf.revision.tex)
Package: pgfrcs 2020/12/01 v3.1.7a (3.1.7a)
))
Package: pgf 2020/12/01 v3.1.7a (3.1.7a)

(/Applications/TeXLive/2020/texmf-dist/tex/latex/pgf/basiclayer/pgfcore.sty
(/Applications/TeXLive/2020/texmf-dist/tex/latex/pgf/systemlayer/pgfsys.sty
(/Applications/TeXLive/2020/texmf-dist/tex/generic/pgf/systemlayer/pgfsys.code.
tex
Package: pgfsys 2020/12/01 v3.1.7a (3.1.7a)

(/Applications/TeXLive/2020/texmf-dist/tex/generic/pgf/utilities/pgfkeys.code.t
ex
\pgfkeys@pathtoks=\toks18
\pgfkeys@temptoks=\toks19

(/Applications/TeXLive/2020/texmf-dist/tex/generic/pgf/utilities/pgfkeysfiltere
d.code.tex
\pgfkeys@tmptoks=\toks20
))
\pgf@x=\dimen165
\pgf@y=\dimen166
\pgf@xa=\dimen167
\pgf@ya=\dimen168
\pgf@xb=\dimen169
\pgf@yb=\dimen170
\pgf@xc=\dimen171
\pgf@yc=\dimen172
\pgf@xd=\dimen173
\pgf@yd=\dimen174
\w@pgf@writea=\write3
\r@pgf@reada=\read2
\c@pgf@counta=\count189
\c@pgf@countb=\count190
\c@pgf@countc=\count191
\c@pgf@countd=\count192
\t@pgf@toka=\toks21
\t@pgf@tokb=\toks22
\t@pgf@tokc=\toks23
\pgf@sys@id@count=\count193

(/Applications/TeXLive/2020/texmf-dist/tex/generic/pgf/systemlayer/pgf.cfg
File: pgf.cfg 2020/12/01 v3.1.7a (3.1.7a)
)
Driver file for pgf: pgfsys-dvipdfmx.def

(/Applications/TeXLive/2020/texmf-dist/tex/generic/pgf/systemlayer/pgfsys-dvipd
fmx.def
File: pgfsys-dvipdfmx.def 2020/12/01 v3.1.7a (3.1.7a)

(/Applications/TeXLive/2020/texmf-dist/tex/generic/pgf/systemlayer/pgfsys-commo
n-pdf.def
File: pgfsys-common-pdf.def 2020/12/01 v3.1.7a (3.1.7a)
)
\pgfsys@objnum=\count194
))
(/Applications/TeXLive/2020/texmf-dist/tex/generic/pgf/systemlayer/pgfsyssoftpa
th.code.tex
File: pgfsyssoftpath.code.tex 2020/12/01 v3.1.7a (3.1.7a)
\pgfsyssoftpath@smallbuffer@items=\count195
\pgfsyssoftpath@bigbuffer@items=\count196
)
(/Applications/TeXLive/2020/texmf-dist/tex/generic/pgf/systemlayer/pgfsysprotoc
ol.code.tex
File: pgfsysprotocol.code.tex 2020/12/01 v3.1.7a (3.1.7a)
))
(/Applications/TeXLive/2020/texmf-dist/tex/latex/xcolor/xcolor.sty
Package: xcolor 2016/05/11 v2.12 LaTeX color extensions (UK)

(/Applications/TeXLive/2020/texmf-dist/tex/latex/graphics-cfg/color.cfg
File: color.cfg 2016/01/02 v1.6 sample color configuration
)
Package xcolor Info: Driver file: dvipdfmx.def on input line 225.
Package xcolor Info: Model `cmy' substituted by `cmy0' on input line 1348.
Package xcolor Info: Model `RGB' extended on input line 1364.
Package xcolor Info: Model `HTML' substituted by `rgb' on input line 1366.
Package xcolor Info: Model `Hsb' substituted by `hsb' on input line 1367.
Package xcolor Info: Model `tHsb' substituted by `hsb' on input line 1368.
Package xcolor Info: Model `HSB' substituted by `hsb' on input line 1369.
Package xcolor Info: Model `Gray' substituted by `gray' on input line 1370.
Package xcolor Info: Model `wave' substituted by `hsb' on input line 1371.
)
(/Applications/TeXLive/2020/texmf-dist/tex/generic/pgf/basiclayer/pgfcore.code.
tex
Package: pgfcore 2020/12/01 v3.1.7a (3.1.7a)

(/Applications/TeXLive/2020/texmf-dist/tex/generic/pgf/math/pgfmath.code.tex
(/Applications/TeXLive/2020/texmf-dist/tex/generic/pgf/math/pgfmathcalc.code.te
x
(/Applications/TeXLive/2020/texmf-dist/tex/generic/pgf/math/pgfmathutil.code.te
x)
(/Applications/TeXLive/2020/texmf-dist/tex/generic/pgf/math/pgfmathparser.code.
tex
\pgfmath@dimen=\dimen175
\pgfmath@count=\count197
\pgfmath@box=\box67
\pgfmath@toks=\toks24
\pgfmath@stack@operand=\toks25
\pgfmath@stack@operation=\toks26
)
(/Applications/TeXLive/2020/texmf-dist/tex/generic/pgf/math/pgfmathfunctions.co
de.tex
(/Applications/TeXLive/2020/texmf-dist/tex/generic/pgf/math/pgfmathfunctions.ba
sic.code.tex)
(/Applications/TeXLive/2020/texmf-dist/tex/generic/pgf/math/pgfmathfunctions.tr
igonometric.code.tex)
(/Applications/TeXLive/2020/texmf-dist/tex/generic/pgf/math/pgfmathfunctions.ra
ndom.code.tex)
(/Applications/TeXLive/2020/texmf-dist/tex/generic/pgf/math/pgfmathfunctions.co
mparison.code.tex)
(/Applications/TeXLive/2020/texmf-dist/tex/generic/pgf/math/pgfmathfunctions.ba
se.code.tex)
(/Applications/TeXLive/2020/texmf-dist/tex/generic/pgf/math/pgfmathfunctions.ro
und.code.tex)
(/Applications/TeXLive/2020/texmf-dist/tex/generic/pgf/math/pgfmathfunctions.mi
sc.code.tex)
(/Applications/TeXLive/2020/texmf-dist/tex/generic/pgf/math/pgfmathfunctions.in
tegerarithmetics.code.tex)))
(/Applications/TeXLive/2020/texmf-dist/tex/generic/pgf/math/pgfmathfloat.code.t
ex
\c@pgfmathroundto@lastzeros=\count198
))
(/Applications/TeXLive/2020/texmf-dist/tex/generic/pgf/math/pgfint.code.tex)
(/Applications/TeXLive/2020/texmf-dist/tex/generic/pgf/basiclayer/pgfcorepoints
.code.tex
File: pgfcorepoints.code.tex 2020/12/01 v3.1.7a (3.1.7a)
\pgf@picminx=\dimen176
\pgf@picmaxx=\dimen177
\pgf@picminy=\dimen178
\pgf@picmaxy=\dimen179
\pgf@pathminx=\dimen180
\pgf@pathmaxx=\dimen181
\pgf@pathminy=\dimen182
\pgf@pathmaxy=\dimen183
\pgf@xx=\dimen184
\pgf@xy=\dimen185
\pgf@yx=\dimen186
\pgf@yy=\dimen187
\pgf@zx=\dimen188
\pgf@zy=\dimen189
)
(/Applications/TeXLive/2020/texmf-dist/tex/generic/pgf/basiclayer/pgfcorepathco
nstruct.code.tex
File: pgfcorepathconstruct.code.tex 2020/12/01 v3.1.7a (3.1.7a)
\pgf@path@lastx=\dimen190
\pgf@path@lasty=\dimen191
)
(/Applications/TeXLive/2020/texmf-dist/tex/generic/pgf/basiclayer/pgfcorepathus
age.code.tex
File: pgfcorepathusage.code.tex 2020/12/01 v3.1.7a (3.1.7a)
\pgf@shorten@end@additional=\dimen192
\pgf@shorten@start@additional=\dimen193
)
(/Applications/TeXLive/2020/texmf-dist/tex/generic/pgf/basiclayer/pgfcorescopes
.code.tex
File: pgfcorescopes.code.tex 2020/12/01 v3.1.7a (3.1.7a)
\pgfpic=\box68
\pgf@hbox=\box69
\pgf@layerbox@main=\box70
\pgf@picture@serial@count=\count199
)
(/Applications/TeXLive/2020/texmf-dist/tex/generic/pgf/basiclayer/pgfcoregraphi
cstate.code.tex
File: pgfcoregraphicstate.code.tex 2020/12/01 v3.1.7a (3.1.7a)
\pgflinewidth=\dimen194
)
(/Applications/TeXLive/2020/texmf-dist/tex/generic/pgf/basiclayer/pgfcoretransf
ormations.code.tex
File: pgfcoretransformations.code.tex 2020/12/01 v3.1.7a (3.1.7a)
\pgf@pt@x=\dimen195
\pgf@pt@y=\dimen196
\pgf@pt@temp=\dimen197
)
(/Applications/TeXLive/2020/texmf-dist/tex/generic/pgf/basiclayer/pgfcorequick.
code.tex
File: pgfcorequick.code.tex 2020/12/01 v3.1.7a (3.1.7a)
)
(/Applications/TeXLive/2020/texmf-dist/tex/generic/pgf/basiclayer/pgfcoreobject
s.code.tex
File: pgfcoreobjects.code.tex 2020/12/01 v3.1.7a (3.1.7a)
)
(/Applications/TeXLive/2020/texmf-dist/tex/generic/pgf/basiclayer/pgfcorepathpr
ocessing.code.tex
File: pgfcorepathprocessing.code.tex 2020/12/01 v3.1.7a (3.1.7a)
)
(/Applications/TeXLive/2020/texmf-dist/tex/generic/pgf/basiclayer/pgfcorearrows
.code.tex
File: pgfcorearrows.code.tex 2020/12/01 v3.1.7a (3.1.7a)
\pgfarrowsep=\dimen198
)
(/Applications/TeXLive/2020/texmf-dist/tex/generic/pgf/basiclayer/pgfcoreshade.
code.tex
File: pgfcoreshade.code.tex 2020/12/01 v3.1.7a (3.1.7a)
\pgf@max=\dimen199
\pgf@sys@shading@range@num=\count266
\pgf@shadingcount=\count267
)
(/Applications/TeXLive/2020/texmf-dist/tex/generic/pgf/basiclayer/pgfcoreimage.
code.tex
File: pgfcoreimage.code.tex 2020/12/01 v3.1.7a (3.1.7a)

(/Applications/TeXLive/2020/texmf-dist/tex/generic/pgf/basiclayer/pgfcoreextern
al.code.tex
File: pgfcoreexternal.code.tex 2020/12/01 v3.1.7a (3.1.7a)
\pgfexternal@startupbox=\box71
))
(/Applications/TeXLive/2020/texmf-dist/tex/generic/pgf/basiclayer/pgfcorelayers
.code.tex
File: pgfcorelayers.code.tex 2020/12/01 v3.1.7a (3.1.7a)
)
(/Applications/TeXLive/2020/texmf-dist/tex/generic/pgf/basiclayer/pgfcoretransp
arency.code.tex
File: pgfcoretransparency.code.tex 2020/12/01 v3.1.7a (3.1.7a)
)
(/Applications/TeXLive/2020/texmf-dist/tex/generic/pgf/basiclayer/pgfcorepatter
ns.code.tex
File: pgfcorepatterns.code.tex 2020/12/01 v3.1.7a (3.1.7a)
)
(/Applications/TeXLive/2020/texmf-dist/tex/generic/pgf/basiclayer/pgfcorerdf.co
de.tex
File: pgfcorerdf.code.tex 2020/12/01 v3.1.7a (3.1.7a)
)))
(/Applications/TeXLive/2020/texmf-dist/tex/generic/pgf/modules/pgfmoduleshapes.
code.tex
File: pgfmoduleshapes.code.tex 2020/12/01 v3.1.7a (3.1.7a)
\pgfnodeparttextbox=\box72
)
(/Applications/TeXLive/2020/texmf-dist/tex/generic/pgf/modules/pgfmoduleplot.co
de.tex
File: pgfmoduleplot.code.tex 2020/12/01 v3.1.7a (3.1.7a)
)
(/Applications/TeXLive/2020/texmf-dist/tex/latex/pgf/compatibility/pgfcomp-vers
ion-0-65.sty
Package: pgfcomp-version-0-65 2020/12/01 v3.1.7a (3.1.7a)
\pgf@nodesepstart=\dimen256
\pgf@nodesepend=\dimen257
)
(/Applications/TeXLive/2020/texmf-dist/tex/latex/pgf/compatibility/pgfcomp-vers
ion-1-18.sty
Package: pgfcomp-version-1-18 2020/12/01 v3.1.7a (3.1.7a)
))
(/Applications/TeXLive/2020/texmf-dist/tex/latex/tools/verbatim.sty
Package: verbatim 2020-07-07 v1.5u LaTeX2e package for verbatim enhancements
\every@verbatim=\toks27
\verbatim@line=\toks28
\verbatim@in@stream=\read3
)
(/Applications/TeXLive/2020/texmf-dist/tex/latex/environ/environ.sty
Package: environ 2014/05/04 v0.3 A new way to define environments

(/Applications/TeXLive/2020/texmf-dist/tex/latex/trimspaces/trimspaces.sty
Package: trimspaces 2009/09/17 v1.1 Trim spaces around a token list
)
\@envbody=\toks29
)
(/Applications/TeXLive/2020/texmf-dist/tex/latex/etoolbox/etoolbox.sty
Package: etoolbox 2020/10/05 v2.5k e-TeX tools for LaTeX (JAW)
\etb@tempcnta=\count268
)
\tcb@titlebox=\box73
\tcb@upperbox=\box74
\tcb@lowerbox=\box75
\tcb@phantombox=\box76
\c@tcbbreakpart=\count269
\c@tcblayer=\count270
\c@tcolorbox@number=\count271
\tcb@temp=\box77
\tcb@temp=\box78
\tcb@temp=\box79
\tcb@temp=\box80
\tcb@out=\write4
\tcb@record@out=\write5
)
(/Applications/TeXLive/2020/texmf-dist/tex/latex/tcolorbox/tcbskins.code.tex
Library (tcolorbox): 'tcbskins.code.tex' version '4.42'
(/Applications/TeXLive/2020/texmf-dist/tex/latex/pgf/frontendlayer/tikz.sty
(/Applications/TeXLive/2020/texmf-dist/tex/latex/pgf/utilities/pgffor.sty
(/Applications/TeXLive/2020/texmf-dist/tex/latex/pgf/utilities/pgfkeys.sty
(/Applications/TeXLive/2020/texmf-dist/tex/generic/pgf/utilities/pgfkeys.code.t
ex)) (/Applications/TeXLive/2020/texmf-dist/tex/latex/pgf/math/pgfmath.sty
(/Applications/TeXLive/2020/texmf-dist/tex/generic/pgf/math/pgfmath.code.tex))
(/Applications/TeXLive/2020/texmf-dist/tex/generic/pgf/utilities/pgffor.code.te
x
Package: pgffor 2020/12/01 v3.1.7a (3.1.7a)
 (/Applications/TeXLive/2020/texmf-dist/tex/generic/pgf/math/pgfmath.code.tex)
\pgffor@iter=\dimen258
\pgffor@skip=\dimen259
\pgffor@stack=\toks30
\pgffor@toks=\toks31
))
(/Applications/TeXLive/2020/texmf-dist/tex/generic/pgf/frontendlayer/tikz/tikz.
code.tex
Package: tikz 2020/12/01 v3.1.7a (3.1.7a)

(/Applications/TeXLive/2020/texmf-dist/tex/generic/pgf/libraries/pgflibraryplot
handlers.code.tex
File: pgflibraryplothandlers.code.tex 2020/12/01 v3.1.7a (3.1.7a)
\pgf@plot@mark@count=\count272
\pgfplotmarksize=\dimen260
)
\tikz@lastx=\dimen261
\tikz@lasty=\dimen262
\tikz@lastxsaved=\dimen263
\tikz@lastysaved=\dimen264
\tikz@lastmovetox=\dimen265
\tikz@lastmovetoy=\dimen266
\tikzleveldistance=\dimen267
\tikzsiblingdistance=\dimen268
\tikz@figbox=\box81
\tikz@figbox@bg=\box82
\tikz@tempbox=\box83
\tikz@tempbox@bg=\box84
\tikztreelevel=\count273
\tikznumberofchildren=\count274
\tikznumberofcurrentchild=\count275
\tikz@fig@count=\count276

(/Applications/TeXLive/2020/texmf-dist/tex/generic/pgf/modules/pgfmodulematrix.
code.tex
File: pgfmodulematrix.code.tex 2020/12/01 v3.1.7a (3.1.7a)
\pgfmatrixcurrentrow=\count277
\pgfmatrixcurrentcolumn=\count278
\pgf@matrix@numberofcolumns=\count279
)
\tikz@expandcount=\count280

(/Applications/TeXLive/2020/texmf-dist/tex/generic/pgf/frontendlayer/tikz/libra
ries/tikzlibrarytopaths.code.tex
File: tikzlibrarytopaths.code.tex 2020/12/01 v3.1.7a (3.1.7a)
)))
\tcb@waterbox=\box85

(/Applications/TeXLive/2020/texmf-dist/tex/latex/tcolorbox/tcbskinsjigsaw.code.
tex
Library (tcolorbox): 'tcbskinsjigsaw.code.tex' version '4.42'
))
(/Applications/TeXLive/2020/texmf-dist/tex/latex/tcolorbox/tcbmagazine.code.tex
Library (tcolorbox): 'tcbmagazine.code.tex' version '4.42'

(/Applications/TeXLive/2020/texmf-dist/tex/latex/tcolorbox/tcbbreakable.code.te
x
Library (tcolorbox): 'tcbbreakable.code.tex' version '4.42'
(/Applications/TeXLive/2020/texmf-dist/tex/generic/oberdiek/pdfcol.sty
Package: pdfcol 2019/12/29 v1.6 Handle new color stacks for pdfTeX (HO)

(/Applications/TeXLive/2020/texmf-dist/tex/generic/ltxcmds/ltxcmds.sty
Package: ltxcmds 2020-05-10 v1.25 LaTeX kernel commands for general use (HO)
)
(/Applications/TeXLive/2020/texmf-dist/tex/generic/infwarerr/infwarerr.sty
Package: infwarerr 2019/12/03 v1.5 Providing info/warning/error messages (HO)
)
(/Applications/TeXLive/2020/texmf-dist/tex/generic/iftex/iftex.sty
Package: iftex 2020/03/06 v1.0d TeX engine tests
)
Package pdfcol Info: Interface disabled because of missing PDF mode of pdfTeX.
)
Package pdfcol Info: pdfTeX's color stacks are not available.
\tcb@testbox=\box86
\tcb@totalupperbox=\box87
\tcb@totallowerbox=\box88
))
(./nidan_sandan.aux)
\openout1 = `nidan_sandan.aux'.

LaTeX Font Info:    Checking defaults for OML/cmm/m/it on input line 9.
LaTeX Font Info:    ... okay on input line 9.
LaTeX Font Info:    Checking defaults for OMS/cmsy/m/n on input line 9.
LaTeX Font Info:    ... okay on input line 9.
LaTeX Font Info:    Checking defaults for OT1/cmr/m/n on input line 9.
LaTeX Font Info:    ... okay on input line 9.
LaTeX Font Info:    Checking defaults for T1/cmr/m/n on input line 9.
LaTeX Font Info:    ... okay on input line 9.
LaTeX Font Info:    Checking defaults for TS1/cmr/m/n on input line 9.
LaTeX Font Info:    ... okay on input line 9.
LaTeX Font Info:    Checking defaults for OMX/cmex/m/n on input line 9.
LaTeX Font Info:    ... okay on input line 9.
LaTeX Font Info:    Checking defaults for U/cmr/m/n on input line 9.
LaTeX Font Info:    ... okay on input line 9.
LaTeX Font Info:    Checking defaults for JY2/mc/m/n on input line 9.
LaTeX Font Info:    ... okay on input line 9.
LaTeX Font Info:    Checking defaults for JT2/mc/m/n on input line 9.
LaTeX Font Info:    ... okay on input line 9.
\firstfigure=\box89
File: nidan_nuki.png Graphic file (type bmp)
<nidan_nuki.png>
\secondfigure=\box90
File: sandan_nuki.png Graphic file (type bmp)
<sandan_nuki.png>
\firstbreak=\dimen269
\secondbreak=\dimen270
\thirdbreak=\dimen271
LaTeX Font Info:    Font shape `JT2/mc/m/n' will be
(Font)              scaled to size 8.32214pt on input line 37.
LaTeX Font Info:    Font shape `JY2/mc/m/n' will be
(Font)              scaled to size 8.32214pt on input line 37.

Underfull \hbox (badness 3049) in paragraph at lines 38--38
\OT1/cmr/m/n/9 wisi. Morbi auc-tor lorem
 []


Underfull \hbox (badness 10000) in paragraph at lines 38--38
[]\OT1/cmr/m/n/9 Nulla male-suada port-ti-tor
 []


Underfull \hbox (badness 3128) in paragraph at lines 38--38
\OT1/cmr/m/n/9 non, vo-lut-pat at, tin-cidunt
 []


Underfull \hbox (badness 3525) in paragraph at lines 38--38
\OT1/cmr/m/n/9 tris-tique, libero. Vi-va-mus
 []


Underfull \hbox (badness 3690) in paragraph at lines 38--38
\OT1/cmr/m/n/9 non-ummy pel-len-tesque ante.
 []


Underfull \hbox (badness 6725) in paragraph at lines 38--38
\OT1/cmr/m/n/9 Phasel-lus adip-isc-ing sem-per
 []


Underfull \hbox (badness 1005) in paragraph at lines 38--38
\OT1/cmr/m/n/9 nec, leo. Mae-ce-nas lacinia.
 []


Underfull \hbox (badness 4048) in paragraph at lines 38--38
\OT1/cmr/m/n/9 Nam ip-sum ligula, eleifend
 []


Underfull \hbox (badness 4072) in paragraph at lines 38--38
\OT1/cmr/m/n/9 tin-cidunt pu-rus vel magna.
 []


Underfull \hbox (badness 10000) in paragraph at lines 38--38
\OT1/cmr/m/n/9 biben-dum quam in tel-lus.
 []


Underfull \hbox (badness 1038) in paragraph at lines 38--38
\OT1/cmr/m/n/9 ip-sum. Cras nibh. Morbi
 []


Underfull \hbox (badness 1762) in paragraph at lines 38--38
\OT1/cmr/m/n/9 ul-tri-ces. Lorem ip-sum do-
 []


Underfull \hbox (badness 1490) in paragraph at lines 38--38
\OT1/cmr/m/n/9 dum, nulla a fau-cibus sem-
 []


Underfull \hbox (badness 1484) in paragraph at lines 38--38
\OT1/cmr/m/n/9 Vestibu-lum diam. Ali-quam
 []


Underfull \hbox (badness 3343) in paragraph at lines 38--38
\OT1/cmr/m/n/9 eget fe-lis. Mae-ce-nas eget
 []


Underfull \hbox (badness 1308) in paragraph at lines 38--38
\OT1/cmr/m/n/9 mo-lestie non, non-ummy vel,
 []


Underfull \hbox (badness 1371) in paragraph at lines 38--38
\OT1/cmr/m/n/9 luc-tus. Cur-abitur et nunc.
 []

\tcb@box@array@box=\box91
\tcb@box@array@box=\box92
\tcb@box@array@box=\box93
\tcb@box@array@box=\box94
\tcb@box@array@box=\box95
\tcb@box@array@box=\box96
LaTeX Font Info:    External font `cmex10' loaded for size
(Font)              <7> on input line 42.
LaTeX Font Info:    External font `cmex10' loaded for size
(Font)              <5> on input line 42.
LaTeX Font Info:    Font shape `JY2/mc/m/n' will be
(Font)              scaled to size 6.47278pt on input line 42.
LaTeX Font Info:    Font shape `JY2/mc/m/n' will be
(Font)              scaled to size 4.62341pt on input line 42.

Overfull \vbox (337.80005pt too high) detected at line 44
 []


Overfull \vbox (337.80005pt too high) detected at line 44
 []


Overfull \vbox (337.80005pt too high) detected at line 45
 []


Overfull \hbox (3.20508pt too wide) in paragraph at lines 42--47
[][][][] 
 []

[1

] (./nidan_sandan.aux) ) 
Here is how much of TeX's memory you used:
 15270 strings out of 479847
 336803 string characters out of 5880387
 905507 words of memory out of 5000000
 32361 multiletter control sequences out of 15000+600000
 407886 words of font info for 55 fonts, out of 8000000 for 9000
 934 hyphenation exceptions out of 8191
 79i,8n,85p,446b,1020s stack positions out of 5000i,500n,10000p,200000b,80000s

Output written on nidan_sandan.dvi (1 page, 11056 bytes).
